This is pdfeTeX, Version 3.14159-1.10b-2.1 (Web2C 7.4.5) (format=cont-en 2004.12.13)  30 DEC 2004 23:59
entering extended mode
**&cont-en day3.tex
(./day3.tex{/home/alech/texmf/pdftex/config/pdftex.cfg}

ConTeXt  ver: 2003.1.31  fmt: 2004.12.13  int: english  mes: english

language       : language en is active
<protectionstate 0>
system         : cont-new loaded
(/usr/share/texmf/tex/context/base/cont-new.tex
systems        : beware: some patches loaded from cont-new.tex!
system (E-TEX) : [line 726] \ifcsname 
)
system         : cont-old loaded
(/usr/share/texmf/tex/context/base/cont-old.tex
loading        : Context Old Macros
)
system         : cont-fil loaded
(/usr/share/texmf/tex/context/base/cont-fil.tex
loading        : Context File Synonyms
)
bodyfont       : 12pt rm is loaded
language       : patterns 2:2-en-2 4:2-de-2 5:2-fr-2 6:2-es-2 7:2-it-2 8:2-nl-2
 loaded
specials       : tex,postscript,rokicki loaded
\openout2 = `day3.tui'.

system         : day3.top loaded
(./day3.top
specials       : loading definition file tpd
(/usr/share/texmf/tex/context/base/spec-tpd.tex
specials       : loading definition file fdf
(/usr/share/texmf/tex/context/base/spec-fdf.tex <unprotect 3> <unprotect 4>
system (E-TEX) : [line 1815] \ifcsname 
<unprotect 5> <protect 5> <protect 4> <protect 3>)
specials       : fdf loaded
<unprotect 3> <protect 3>)
specials       : fdf,tpd loaded
)
\openout0 = `mpgraph.mp'.

\openout0 = `mprun.mp'.

\openout0 = `mpgraph.mp'.

\openout0 = `mprun.mp'.


pdftex         : needs map file: original-context-symbol.map
pdftex         : needs map file: pl0-ams-cmr.map
pdftex         : needs map file: original-vogel-symbol.map
typeface       : [UniversCondensed] [rm] [serif] [UniversCondensed]
typescript     : [map] [texnansi] []
(/usr/share/texmf/tex/context/base/type-syn.tex)
(/usr/share/texmf/tex/context/base/type-enc.tex)
(/usr/share/texmf/tex/context/base/type-siz.tex)
(/usr/share/texmf/tex/context/base/type-map.tex
pdftex         : needs map file: original-ams-cmr.map
pdftex         : needs map file: original-ams-euler.map
pdftex         : needs map file: texnansi-adobe-utopia.map
pdftex         : needs map file: texnansi-bit-charter.map
pdftex         : needs map file: texnansi-public-antp.map
pdftex         : needs map file: texnansi-public-antt.map
pdftex         : needs map file: texnansi-urw-bookman.map
pdftex         : needs map file: texnansi-urw-courier.map
pdftex         : needs map file: texnansi-urw-helvetica.map
pdftex         : needs map file: texnansi-urw-palatino.map
pdftex         : needs map file: texnansi-urw-times.map
pdftex         : needs map file: texnansi-urw-zapfchan.map
pdftex         : needs map file: original-youngryu-px.map
pdftex         : needs map file: original-youngryu-tx.map
pdftex         : needs map file: texnansi-bh-lucida.map
) (/usr/share/texmf/tex/context/base/type-spe.tex)
(/usr/share/texmf/tex/context/base/type-exa.tex)
(/home/alech/texmf/tex/context/user/ts-urwfonts.tex)
typescript     : [serif] [UniversCondensed] [name,default,texnansi,special]
(/usr/share/texmf/tex/context/base/type-syn.tex)
(/usr/share/texmf/tex/context/base/type-enc.tex)
(/usr/share/texmf/tex/context/base/type-siz.tex)
(/usr/share/texmf/tex/context/base/type-map.tex)
(/usr/share/texmf/tex/context/base/type-spe.tex)
(/usr/share/texmf/tex/context/base/type-exa.tex)
(/home/alech/texmf/tex/context/user/ts-urwfonts.tex)
typescript     : [serif] [default] [size]
(/usr/share/texmf/tex/context/base/type-syn.tex)
(/usr/share/texmf/tex/context/base/type-enc.tex)
(/usr/share/texmf/tex/context/base/type-siz.tex)
(/usr/share/texmf/tex/context/base/type-map.tex)
(/usr/share/texmf/tex/context/base/type-spe.tex)
(/usr/share/texmf/tex/context/base/type-exa.tex)
(/home/alech/texmf/tex/context/user/ts-urwfonts.tex)
color          : unknown system state=start
(./day3data.tex (./day3.tuo) (./day3.tuo) (./day3.tuo) (./day3.tuo) (./day3.tuo
) (./day3.tuo) (./day3.tuo) (./day3.tuo) (./day3.tuo) (./day3.tuo) (./day3.tuo)
(./day3.tuo) (./day3.tuo) (./day3.tuo)
systems        : begin file day3 at line 256
layout         : calculating backgrounds
[1.1{/var/lib/texmf/dvips/config/pdftex.map}{/home/alech/texmf/pdftex/config/te
xnansi-urwpp-base45.map}{/home/alech/texmf/pdftex/config/texnansi-fonthead-mill
ennia.map}]
layout         : calculating backgrounds
[2.2]
systems        : end file day3 at line 262
 ) )
(\end occurred inside a group at level 1)

### simple group (level 1) entered at line 21 ({)
### bottom level 
Here is how much of TeX's memory you used:
 3580 strings out of 68101
 55846 string characters out of 753942
 4451059 words of memory out of 5566964
 33252 multiletter control sequences out of 10000+50000
 49391 words of font info for 80 fonts, out of 500000 for 1000
 54 hyphenation exceptions out of 1000
 36i,18n,54p,873b,2782s stack positions out of 1500i,500n,5000p,200000b,5000s
 20 PDF objects out of 300000
 0 named destinations out of 131072
 0 words of extra memory for PDF output out of 65536
{/usr/share/texmf/dvips/psnfssx/texnansi.enc}</home/alech/texmf
/fonts/truetype/fonthead/millennia/MILLENNIA.ttf> </var/cache/fonts/pk/ljfour/p
ublic/cm/cmsy6.600pk></home/alech/texmf/fonts/truetype/urwpp/base45/u001063u.tt
f></home/alech/texmf/fonts/truetype/urwpp/base45/u001044u.ttf></home/alech/texm
f/fonts/truetype/urwpp/base45/u001043u.ttf>
Output written on day3.pdf (2 pages, 56040 bytes).
